<?xml version="1.0" encoding="UTF-8"?>
<!-- Generated by org.testng.reporters.JUnitReportReporter -->
<testsuite hostname="DESKTOP-552MCU4" failures="0" tests="2" name="runner.TestRunner" time="9.778" errors="0" timestamp="2020-12-28T16:09:50 EST" skipped="0">
  <testcase classname="runner.TestRunner" name="runScenario" time="5.255"/>
  <system-out/>
  <testcase classname="runner.TestRunner" name="runScenario" time="4.523"/>
  <system-out/>
</testsuite> <!-- runner.TestRunner -->
